Arguments: 
  C:\Program Files\nodejs\node.exe C:\Program Files (x86)\Yarn\bin\yarn.js

PATH: 
  C:\Program Files\Git\mingw64\bin;C:\Program Files\Git\usr\bin;C:\Users\hp\bin;C:\Program Files\Amazon Corretto\jdk11.0.5_10\bin;C:\ProgramData\Anaconda3;C:\ProgramData\Anaconda3\Library\mingw-w64\bin;C:\ProgramData\Anaconda3\Library\usr\bin;C:\ProgramData\Anaconda3\Library\bin;C:\ProgramData\Anaconda3\Scripts;C:\oraclexe\app\oracle\product\11.2.0\server\bin;C:\Program Files (x86)\Common Files\Oracle\Java\javapath;C:\Program Files (x86)\Intel\iCLS Client;C:\Program Files\Intel\iCLS Client;C:\windows\system32;C:\windows;C:\windows\System32\Wbem;C:\windows\System32\WindowsPowerShell\v1.0;C:\Program Files (x86)\Intel\Intel(R) Management Engine Components\DAL;C:\Program Files\Intel\Intel(R) Management Engine Components\DAL;C:\Program Files (x86)\Intel\Intel(R) Management Engine Components\IPT;C:\Program Files\Intel\Intel(R) Management Engine Components\IPT;C:\Program Files (x86)\NVIDIA Corporation\PhysX\Common;C:\ProgramData\chocolatey\bin;C:\Program Files\Git\cmd;C:\Python27;C:\Python27\scripts;C:\xampp\php;C:\ProgramData\ComposerSetup\bin;C:\WINDOWS\system32;C:\WINDOWS;C:\WINDOWS\System32\Wbem;C:\WINDOWS\System32\WindowsPowerShell\v1.0;C:\WINDOWS\System32\OpenSSH;C:\Program Files\dotnet;C:\Program Files\Microsoft SQL Server\Client SDK\ODBC\110\Tools\Binn;C:\Program Files (x86)\Microsoft SQL Server\120\Tools\Binn;C:\Program Files\Microsoft SQL Server\120\Tools\Binn;C:\Program Files\Microsoft SQL Server\120\DTS\Binn;C:\Users\hp\.dnx\bin;C:\Program Files\Microsoft DNX\Dnvm;C:\Program Files (x86)\Microsoft SQL Server\120\Tools\Binn\ManagementStudio;C:\Program Files (x86)\Microsoft SQL Server\120\DTS\Binn;C:\Program Files\Intel\WiFi\bin;C:\Program Files\Common Files\Intel\WirelessCommon;C:\Program Files (x86)\Yarn\bin;C:\Program Files\MiKTeX 2.9\miktex\bin\x64;C:\Program Files (x86)\Brackets\command;C:\Program Files\nodejs;C:\ProgramData\Anaconda3\Library;C:\ProgramData\Anaconda3\Library\Scripts;C:\ProgramData\Anaconda3\Library\Library\bin;C:\Users\hp\AppData\Local\Programs\Python\Python35\Scripts;C:\Users\hp\AppData\Local\Programs\Python\Python35;C:\Users\hp\AppData\Local\Microsoft\WindowsApps;C:\users\hp\appdata\local\programs\python\python37-32\Scripts;C:\tools\dart-sdk\bin;C:\Users\hp\AppData\Roaming\Pub\Cache\bin;C:\Users\hp\AppData\Roaming\Composer\vendor\bin;C:\Users\hp\AppData\Local\.meteor;C:\Program Files\Java\jdk1.8.0_171\bin;C:\Users\hp\.dotnet\tools;C:\Users\hp\AppData\Local\Programs\Microsoft VS Code\bin;C:\Users\hp\AppData\Local\Yarn\bin;C:\cygwin64\bin;C:\Users\hp\AppData\Local\Microsoft\WindowsApps;C:\Program Files\JetBrains\IntelliJ IDEA Community Edition 2019.3.1\bin;C:\Users\hp\AppData\Roaming\npm

Yarn version: 
  1.17.3

Node version: 
  10.20.1

Platform: 
  win32 x64

Trace: 
  Error: connect ENETUNREACH 47.52.123.235:80
      at TCPConnectWrap.afterConnect [as oncomplete] (net.js:1107:14)

npm manifest: 
  {
    "name": "crwn-clothing-server",
    "version": "1.0.0",
    "engines": {
      "node": "10.20.1",
      "npm": "5.10.1"
    },
    "scripts": {
      "client": "cd client && yarn start",
      "server": "nodemon server.js",
      "build": "cd client && npm run build",
      "dev": "concurrently --kill-others-on-fail \"yarn server\" \"yarn client\"",
      "start": "node server.js",
      "heroku-postbuild": "cd client && npm install && npm install --only=dev --no-shrinkwrap && npm run build",
      "test-client": "cd client && yarn test"
    },
    "dependencies": {
      "body-parser": "^1.18.3",
      "compression": "1.7.4",
      "cors": "2.8.5",
      "dotenv": "7.0.0",
      "express": "^4.16.4",
      "express-sslify": "1.2.0",
      "stripe": "6.28.0"
    },
    "devDependencies": {
      "concurrently": "^4.0.1",
      "nodemon": "^1.19.1"
    }
  }

yarn manifest: 
  No manifest

Lockfile: 
  No lockfile
